ERROR:root:Item 0 wasn't got
INFO:httpx:HTTP Request: GET http://test/item/get?item_id=0 "HTTP/1.1 500 Internal Server Error"
ERROR:root:Item 0 wasn't got
INFO:httpx:HTTP Request: GET http://test/item/get?item_id=0 "HTTP/1.1 500 Internal Server Error"
ERROR:root:Item 0 wasn't got
INFO:httpx:HTTP Request: GET http://test/item/get?item_id=0 "HTTP/1.1 500 Internal Server Error"
ERROR:root:Item 0 wasn't got
INFO:httpx:HTTP Request: GET http://test/item/get?item_id=0 "HTTP/1.1 500 Internal Server Error"
ERROR:root:Item 0 wasn't got
INFO:httpx:HTTP Request: GET http://test/item/get?item_id=0 "HTTP/1.1 500 Internal Server Error"
ERROR:root:Item 0 wasn't got
INFO:httpx:HTTP Request: GET http://test/item/get?item_id=0 "HTTP/1.1 500 Internal Server Error"
ERROR:root:Item 0 wasn't got
INFO:httpx:HTTP Request: GET http://test/item/get?item_id=0 "HTTP/1.1 500 Internal Server Error"
ERROR:root:Item 0 wasn't got
INFO:httpx:HTTP Request: GET http://test/item/get?item_id=0 "HTTP/1.1 500 Internal Server Error"
ERROR:root:Item 0 wasn't got
INFO:httpx:HTTP Request: GET http://test/item/get?item_id=0 "HTTP/1.1 500 Internal Server Error"
INFO:httpx:HTTP Request: GET http://test/item/get?item_id=0 "HTTP/1.1 200 OK"
INFO:httpx:HTTP Request: GET http://test/item/get?item_id=0 "HTTP/1.1 200 OK"
INFO:httpx:HTTP Request: GET http://test/item/get?item_id=0 "HTTP/1.1 200 OK"
ERROR:root:Item id=0 name='Air Force' cost=100 brand='Nike' size='42EU' added_at=datetime.datetime(2023, 9, 11, 15, 13, 6, 440000) description='Best sneakers' rating=9.8 amount=4 type='sneakers' wasn' added
INFO:httpx:HTTP Request: POST http://test/item/add "HTTP/1.1 500 Internal Server Error"
INFO:httpx:HTTP Request: GET http://test/item/get?item_id=0 "HTTP/1.1 200 OK"
ERROR:root:Item id=0 name='Air Force' cost=100 brand='Nike' size='42EU' added_at=datetime.datetime(2023, 9, 11, 15, 13, 6, 440000) description='Best sneakers' rating=9.8 amount=4 type='sneakers' wasn't added
INFO:httpx:HTTP Request: POST http://test/item/add "HTTP/1.1 500 Internal Server Error"
INFO:httpx:HTTP Request: GET http://test/item/get?item_id=0 "HTTP/1.1 200 OK"
ERROR:root:Item id=0 name='Air Force' cost=100 brand='Nike' size='42EU' added_at=datetime.datetime(2023, 9, 11, 15, 13, 6, 440000) description='Best sneakers' rating=9.8 amount=4 type='sneakers' wasn't added
INFO:httpx:HTTP Request: POST http://test/item/add "HTTP/1.1 500 Internal Server Error"
INFO:httpx:HTTP Request: GET http://test/item/get?item_id=0 "HTTP/1.1 200 OK"
ERROR:root:Item id=0 name='Air Force' cost=100 brand='Nike' size='42EU' added_at=datetime.datetime(2023, 9, 11, 15, 13, 6, 440000) description='Best sneakers' rating=9.8 amount=4 type='sneakers' wasn't added
INFO:httpx:HTTP Request: POST http://test/item/add "HTTP/1.1 500 Internal Server Error"
INFO:httpx:HTTP Request: GET http://test/item/get?item_id=0 "HTTP/1.1 200 OK"
INFO:httpx:HTTP Request: POST http://test/item/add "HTTP/1.1 200 OK"
INFO:httpx:HTTP Request: GET http://test/item/get?item_id=0 "HTTP/1.1 200 OK"
INFO:httpx:HTTP Request: POST http://test/item/add "HTTP/1.1 200 OK"
INFO:httpx:HTTP Request: GET http://test/item/get?item_id=0 "HTTP/1.1 200 OK"
INFO:httpx:HTTP Request: POST http://test/item/add "HTTP/1.1 200 OK"
INFO:httpx:HTTP Request: GET http://test/item/get?item_id=0 "HTTP/1.1 200 OK"
INFO:httpx:HTTP Request: POST http://test/item/add "HTTP/1.1 200 OK"
INFO:httpx:HTTP Request: POST http://test/item/add "HTTP/1.1 200 OK"
INFO:httpx:HTTP Request: POST http://test/item/add "HTTP/1.1 200 OK"
INFO:httpx:HTTP Request: GET http://test/item/get?item_id=0 "HTTP/1.1 200 OK"
INFO:httpx:HTTP Request: GET http://test/item/get?item_id=0 "HTTP/1.1 200 OK"
INFO:httpx:HTTP Request: POST http://test/item/add "HTTP/1.1 200 OK"
INFO:httpx:HTTP Request: GET http://test/item/get?item_id=0 "HTTP/1.1 200 OK"
INFO:httpx:HTTP Request: POST http://test/item/add "HTTP/1.1 200 OK"
INFO:httpx:HTTP Request: GET http://test/item/get?item_id=0 "HTTP/1.1 200 OK"
INFO:httpx:HTTP Request: POST http://test/item/add "HTTP/1.1 200 OK"
ERROR:root:Items weren't counted
INFO:httpx:HTTP Request: GET http://test/item/count "HTTP/1.1 500 Internal Server Error"
INFO:httpx:HTTP Request: GET http://test/item/get?item_id=0 "HTTP/1.1 200 OK"
INFO:httpx:HTTP Request: POST http://test/item/add "HTTP/1.1 200 OK"
INFO:httpx:HTTP Request: GET http://test/item/count "HTTP/1.1 200 OK"
INFO:httpx:HTTP Request: GET http://test/item/get?item_id=0 "HTTP/1.1 200 OK"
INFO:httpx:HTTP Request: POST http://test/item/add "HTTP/1.1 200 OK"
INFO:httpx:HTTP Request: GET http://test/item/count "HTTP/1.1 200 OK"
INFO:httpx:HTTP Request: DELETE http://test/item/delete?item_id=0 "HTTP/1.1 200 OK"
INFO:httpx:HTTP Request: GET http://test/item/get?item_id=0 "HTTP/1.1 200 OK"
INFO:httpx:HTTP Request: POST http://test/item/add "HTTP/1.1 200 OK"
INFO:httpx:HTTP Request: GET http://test/item/count "HTTP/1.1 200 OK"
INFO:httpx:HTTP Request: DELETE http://test/item/delete?item_id=0 "HTTP/1.1 200 OK"
INFO:httpx:HTTP Request: GET http://test/item/get?item_id=0 "HTTP/1.1 200 OK"
INFO:httpx:HTTP Request: POST http://test/item/add "HTTP/1.1 200 OK"
INFO:httpx:HTTP Request: GET http://test/item/count "HTTP/1.1 200 OK"
INFO:httpx:HTTP Request: DELETE http://test/item/delete?item_id=0 "HTTP/1.1 200 OK"
INFO:httpx:HTTP Request: GET http://test/item/get?item_id=0 "HTTP/1.1 200 OK"
INFO:httpx:HTTP Request: POST http://test/item/add "HTTP/1.1 200 OK"
INFO:httpx:HTTP Request: GET http://test/item/count "HTTP/1.1 200 OK"
INFO:httpx:HTTP Request: DELETE http://test/item/delete?item_id=0 "HTTP/1.1 200 OK"
INFO:httpx:HTTP Request: GET http://test/item/get?item_id=0 "HTTP/1.1 200 OK"
INFO:httpx:HTTP Request: POST http://test/item/add "HTTP/1.1 200 OK"
INFO:httpx:HTTP Request: GET http://test/item/count "HTTP/1.1 200 OK"
INFO:httpx:HTTP Request: DELETE http://test/item/delete?item_id=0 "HTTP/1.1 200 OK"
INFO:httpx:HTTP Request: GET http://test/item/get?item_id=0 "HTTP/1.1 200 OK"
INFO:httpx:HTTP Request: POST http://test/item/add "HTTP/1.1 200 OK"
INFO:httpx:HTTP Request: GET http://test/item/count "HTTP/1.1 200 OK"
INFO:httpx:HTTP Request: DELETE http://test/item/delete?item_id=0 "HTTP/1.1 200 OK"
ERROR:root:Item 0 wasn't got
INFO:httpx:HTTP Request: GET http://test/item/get?item_id=0 "HTTP/1.1 500 Internal Server Error"
ERROR:root:Item id=0 name='Air Force' cost=100 brand='Nike' size='42EU' added_at=datetime.datetime(2023, 9, 11, 15, 13, 6, 440000) description='Best sneakers' rating=9.8 amount=4 type='sneakers' wasn't added
INFO:httpx:HTTP Request: POST http://test/item/add "HTTP/1.1 500 Internal Server Error"
ERROR:root:Items weren't counted
INFO:httpx:HTTP Request: GET http://test/item/count "HTTP/1.1 500 Internal Server Error"
ERROR:root:Item 0 wasn't deleted
INFO:httpx:HTTP Request: DELETE http://test/item/delete?item_id=0 "HTTP/1.1 500 Internal Server Error"
INFO:httpx:HTTP Request: GET http://test/item/get?item_id=0 "HTTP/1.1 200 OK"
ERROR:root:Item id=0 name='Air Force' cost=100 brand='Nike' size='42EU' added_at=datetime.datetime(2023, 9, 11, 15, 13, 6, 440000) description='Best sneakers' rating=9.8 amount=4 type='sneakers' wasn't added
INFO:httpx:HTTP Request: POST http://test/item/add "HTTP/1.1 500 Internal Server Error"
INFO:httpx:HTTP Request: GET http://test/item/count "HTTP/1.1 200 OK"
ERROR:root:Item 0 wasn't deleted
INFO:httpx:HTTP Request: DELETE http://test/item/delete?item_id=0 "HTTP/1.1 500 Internal Server Error"
INFO:httpx:HTTP Request: GET http://test/item/get?item_id=0 "HTTP/1.1 200 OK"
ERROR:root:Item id=0 name='Air Force' cost=100 brand='Nike' size='42EU' added_at=datetime.datetime(2023, 9, 11, 15, 13, 6, 440000) description='Best sneakers' rating=9.8 amount=4 type='sneakers' wasn't added
INFO:httpx:HTTP Request: POST http://test/item/add "HTTP/1.1 500 Internal Server Error"
INFO:httpx:HTTP Request: GET http://test/item/count "HTTP/1.1 200 OK"
ERROR:root:Item 0 wasn't deleted
INFO:httpx:HTTP Request: DELETE http://test/item/delete?item_id=0 "HTTP/1.1 500 Internal Server Error"
INFO:httpx:HTTP Request: GET http://test/item/get?item_id=0 "HTTP/1.1 200 OK"
ERROR:root:Item id=0 name='Air Force' cost=100 brand='Nike' size='42EU' added_at=datetime.datetime(2023, 9, 11, 15, 13, 6, 440000) description='Best sneakers' rating=9.8 amount=4 type='sneakers' wasn't added
INFO:httpx:HTTP Request: POST http://test/item/add "HTTP/1.1 500 Internal Server Error"
INFO:httpx:HTTP Request: GET http://test/item/count "HTTP/1.1 200 OK"
ERROR:root:Item 0 wasn't deleted
INFO:httpx:HTTP Request: DELETE http://test/item/delete?item_id=0 "HTTP/1.1 500 Internal Server Error"
INFO:httpx:HTTP Request: GET http://test/item/get?item_id=0 "HTTP/1.1 200 OK"
ERROR:root:Item id=0 name='Air Force' cost=100 brand='Nike' size='42EU' added_at=datetime.datetime(2023, 9, 11, 15, 13, 6, 440000) description='Best sneakers' rating=9.8 amount=4 type='sneakers' wasn't added
INFO:httpx:HTTP Request: POST http://test/item/add "HTTP/1.1 500 Internal Server Error"
INFO:httpx:HTTP Request: GET http://test/item/count "HTTP/1.1 200 OK"
ERROR:root:Item 0 wasn't deleted
INFO:httpx:HTTP Request: DELETE http://test/item/delete?item_id=0 "HTTP/1.1 500 Internal Server Error"
INFO:httpx:HTTP Request: GET http://test/item/get?item_id=0 "HTTP/1.1 200 OK"
INFO:httpx:HTTP Request: GET http://test/item/get?item_id=0 "HTTP/1.1 200 OK"
INFO:httpx:HTTP Request: GET http://test/item/get?item_id=0 "HTTP/1.1 200 OK"
INFO:httpx:HTTP Request: GET http://test/item/get?item_id=0 "HTTP/1.1 200 OK"
INFO:httpx:HTTP Request: GET http://test/item/get?item_id=0 "HTTP/1.1 200 OK"
INFO:httpx:HTTP Request: GET http://test/item/get?item_id=0 "HTTP/1.1 200 OK"
INFO:httpx:HTTP Request: GET http://test/item/get?item_id=0 "HTTP/1.1 200 OK"
INFO:httpx:HTTP Request: GET http://test/item/get?item_id=0 "HTTP/1.1 200 OK"
INFO:httpx:HTTP Request: POST http://test/item/add "HTTP/1.1 200 OK"
INFO:httpx:HTTP Request: GET http://test/item/count "HTTP/1.1 200 OK"
INFO:httpx:HTTP Request: DELETE http://test/item/delete?item_id=0 "HTTP/1.1 200 OK"
INFO:httpx:HTTP Request: GET http://test/item/get?item_id=0 "HTTP/1.1 200 OK"
INFO:httpx:HTTP Request: POST http://test/item/add "HTTP/1.1 200 OK"
INFO:httpx:HTTP Request: GET http://test/item/count "HTTP/1.1 200 OK"
INFO:httpx:HTTP Request: DELETE http://test/item/delete?item_id=0 "HTTP/1.1 200 OK"
INFO:httpx:HTTP Request: GET http://test/item/get?item_id=0 "HTTP/1.1 200 OK"
INFO:httpx:HTTP Request: POST http://test/item/add "HTTP/1.1 200 OK"
INFO:httpx:HTTP Request: GET http://test/item/count "HTTP/1.1 200 OK"
INFO:httpx:HTTP Request: DELETE http://test/item/delete?item_id=0 "HTTP/1.1 200 OK"
INFO:httpx:HTTP Request: GET http://test/item/get?item_id=0 "HTTP/1.1 200 OK"
INFO:httpx:HTTP Request: POST http://test/item/add "HTTP/1.1 200 OK"
INFO:httpx:HTTP Request: GET http://test/item/count "HTTP/1.1 200 OK"
INFO:httpx:HTTP Request: DELETE http://test/item/delete?item_id=0 "HTTP/1.1 200 OK"
